
> member-service@0.0.0 dev
> cross-env NODE_ENV=development nodemon

[33m[nodemon] 2.0.7[39m
[33m[nodemon] to restart at any time, enter `rs`[39m
[33m[nodemon] watching path(s): src/**/* .env[39m
[33m[nodemon] watching extensions: js,ts,json[39m
[32m[nodemon] starting `ts-node -r tsconfig-paths/register --transpile-only src/server.ts`[39m
node:events:304
      throw er; // Unhandled 'error' event
      ^

Error: EBADF: bad file descriptor, read
Emitted 'error' event on ReadStream instance at:
    at emitErrorNT (node:internal/streams/destroy:188:8)
    at errorOrDestroy (node:internal/streams/destroy:251:7)
    at node:internal/fs/streams:193:9
    at FSReqCallback.wrapper [as oncomplete] (node:fs:539:5) {
  errno: -9,
  code: 'EBADF',
  syscall: 'read'
}
npm ERR! code 1
npm ERR! path /home/centos/be_auth_nodejs_ms
npm ERR! command failed
npm ERR! command sh -c cross-env NODE_ENV=development nodemon

npm ERR! A complete log of this run can be found in:
npm ERR!     /home/centos/.npm/_logs/2021-06-12T07_40_19_003Z-debug.log
